

Version:	3.8
CmdLine:	D:\Programmation\git\Graphe-Et-Ontologies\Releases\GandO.exe --l4j-debug
WOW64:		yes
Working dir:	D:\Programmation\git\Graphe-Et-Ontologies\Releases\.
64-bit search:	SOFTWARE\JavaSoft\Java Runtime Environment...
Check:		SOFTWARE\JavaSoft\Java Runtime Environment\1.8
Ignore:		1.8
Check:		SOFTWARE\JavaSoft\Java Runtime Environment\1.8.0_91
Check launcher:	C:\Program Files\Java\jre1.8.0_91\bin\javaw.exe (OK)
Match:		1.8.0_91
64-bit search:	SOFTWARE\JavaSoft\Java Development Kit...
Check:		SOFTWARE\JavaSoft\Java Development Kit\1.8
Ignore:		1.8
Check:		SOFTWARE\JavaSoft\Java Development Kit\1.8.0_77
Ignore:		1.8.0_77
Runtime used:	1.8.0_91 (64-bit)
Launcher:	C:\Program Files\Java\jre1.8.0_91\bin\javaw.exe
Launcher args:	-jar "D:\Programmation\git\Graphe-Et-Ontologies\Releases\GandO.exe"
Args length:	67/32768 chars
Exit code:	0


Version:	3.8
CmdLine:	D:\Programmation\git\Graphe-Et-Ontologies\Releases\GandO.exe --l4j-debug
WOW64:		yes
Working dir:	D:\Programmation\git\Graphe-Et-Ontologies\Releases\.
64-bit search:	SOFTWARE\JavaSoft\Java Runtime Environment...
Check:		SOFTWARE\JavaSoft\Java Runtime Environment\1.8
Ignore:		1.8
Check:		SOFTWARE\JavaSoft\Java Runtime Environment\1.8.0_91
Check launcher:	C:\Program Files\Java\jre1.8.0_91\bin\javaw.exe (OK)
Match:		1.8.0_91
64-bit search:	SOFTWARE\JavaSoft\Java Development Kit...
Check:		SOFTWARE\JavaSoft\Java Development Kit\1.8
Ignore:		1.8
Check:		SOFTWARE\JavaSoft\Java Development Kit\1.8.0_77
Ignore:		1.8.0_77
Runtime used:	1.8.0_91 (64-bit)
Launcher:	C:\Program Files\Java\jre1.8.0_91\bin\javaw.exe
Launcher args:	-jar "D:\Programmation\git\Graphe-Et-Ontologies\Releases\GandO.exe"
Args length:	67/32768 chars
Exit code:	0
